C:\Users\Kamil\Desktop\Timer\Timer\app\TimerService.js
C:\Users\Kamil\Desktop\Timer\Timer\app\TimerService.js.map
C:\Users\Kamil\Desktop\Timer\Timer\app\app.component.js
C:\Users\Kamil\Desktop\Timer\Timer\app\app.component.js.map
C:\Users\Kamil\Desktop\Timer\Timer\app\app.module.js
C:\Users\Kamil\Desktop\Timer\Timer\app\app.module.js.map
C:\Users\Kamil\Desktop\Timer\Timer\app\main.js
C:\Users\Kamil\Desktop\Timer\Timer\app\main.js.map
C:\Users\Kamil\Desktop\Timer\Timer\app\TimerService.js
C:\Users\Kamil\Desktop\Timer\Timer\app\TimerService.js.map
C:\Users\Kamil\Desktop\Timer\Timer\app\app.component.js
C:\Users\Kamil\Desktop\Timer\Timer\app\app.component.js.map
C:\Users\Kamil\Desktop\Timer\Timer\app\app.module.js
C:\Users\Kamil\Desktop\Timer\Timer\app\app.module.js.map
C:\Users\Kamil\Desktop\Timer\Timer\app\main.js
C:\Users\Kamil\Desktop\Timer\Timer\app\main.js.map
C:\Users\Kamil\Desktop\Timer\Timer\app\TimerService.js
C:\Users\Kamil\Desktop\Timer\Timer\app\TimerService.js.map
C:\Users\Kamil\Desktop\Timer\Timer\app\app.component.js
C:\Users\Kamil\Desktop\Timer\Timer\app\app.component.js.map
C:\Users\Kamil\Desktop\Timer\Timer\app\app.module.js
C:\Users\Kamil\Desktop\Timer\Timer\app\app.module.js.map
C:\Users\Kamil\Desktop\Timer\Timer\app\main.js
C:\Users\Kamil\Desktop\Timer\Timer\app\main.js.map
C:\Users\Kamil\Desktop\Timer\Timer\app\TimerService.js
C:\Users\Kamil\Desktop\Timer\Timer\app\TimerService.js.map
C:\Users\Kamil\Desktop\Timer\Timer\app\app.component.js
C:\Users\Kamil\Desktop\Timer\Timer\app\app.component.js.map
C:\Users\Kamil\Desktop\Timer\Timer\app\app.module.js
C:\Users\Kamil\Desktop\Timer\Timer\app\app.module.js.map
C:\Users\Kamil\Desktop\Timer\Timer\app\main.js
C:\Users\Kamil\Desktop\Timer\Timer\app\main.js.map
C:\Users\Kamil\Desktop\Timer\Timer\app\TimerService.js
C:\Users\Kamil\Desktop\Timer\Timer\app\TimerService.js.map
C:\Users\Kamil\Desktop\Timer\Timer\app\app.component.js
C:\Users\Kamil\Desktop\Timer\Timer\app\app.component.js.map
C:\Users\Kamil\Desktop\Timer\Timer\app\app.module.js
C:\Users\Kamil\Desktop\Timer\Timer\app\app.module.js.map
C:\Users\Kamil\Desktop\Timer\Timer\app\main.js
C:\Users\Kamil\Desktop\Timer\Timer\app\main.js.map
C:\Users\Kamil\Desktop\Timer\Timer\app\TimerService.js
C:\Users\Kamil\Desktop\Timer\Timer\app\TimerService.js.map
C:\Users\Kamil\Desktop\Timer\Timer\app\app.component.js
C:\Users\Kamil\Desktop\Timer\Timer\app\app.component.js.map
C:\Users\Kamil\Desktop\Timer\Timer\app\app.module.js
C:\Users\Kamil\Desktop\Timer\Timer\app\app.module.js.map
C:\Users\Kamil\Desktop\Timer\Timer\app\main.js
C:\Users\Kamil\Desktop\Timer\Timer\app\main.js.map
